<?xml version="1.0" encoding="UTF-8"?>
<!-- Generated by org.testng.reporters.JUnitXMLReporter -->
<testsuite ignored="0" hostname="LAPTOP-570PAFEV" failures="0" tests="6" name="Chrome Test" time="232.639" errors="0" timestamp="20 Jun 2023 19:34:12 GMT">
  <testcase classname="org.capstonetestcase.TestCaseOne" name="tc1Scenarios" time="36.292"/>
  <testcase classname="org.capstonetestcase.TestCaseTwo" name="tc2Scenarios" time="22.734"/>
  <testcase classname="org.capstonetestcase.TestCaseThree" name="t3Scenarios" time="8.278"/>
  <testcase classname="org.capstonetestcase.TestCaseFour" name="tc4Scenarios" time="18.759"/>
  <testcase classname="org.capstonetestcase.TestCaseFive" name="tc5Scenarios" time="59.166"/>
  <testcase classname="org.capstonetestcase.TestCaseSix" name="tc6Scenarios" time="9.502"/>
</testsuite> <!-- Chrome Test -->
