<?xml version="1.0" encoding="UTF-8"?>
<!-- Generated by org.testng.reporters.JUnitXMLReporter -->
<testsuite ignored="0" hostname="LAPTOP-570PAFEV" failures="0" tests="6" name="Edge Test" time="206.678" errors="0" timestamp="20 Jun 2023 19:33:46 GMT">
  <testcase classname="org.capstonetestcase.TestCaseOne" name="tc1Scenarios" time="34.913"/>
  <testcase classname="org.capstonetestcase.TestCaseTwo" name="tc2Scenarios" time="11.755"/>
  <testcase classname="org.capstonetestcase.TestCaseThree" name="t3Scenarios" time="6.957"/>
  <testcase classname="org.capstonetestcase.TestCaseFour" name="tc4Scenarios" time="21.831"/>
  <testcase classname="org.capstonetestcase.TestCaseFive" name="tc5Scenarios" time="44.103"/>
  <testcase classname="org.capstonetestcase.TestCaseSix" name="tc6Scenarios" time="9.25"/>
</testsuite> <!-- Edge Test -->
