<?xml version="1.0" encoding="UTF-8"?>
<testng-results ignored="0" total="12" passed="12" failed="0" skipped="0">
  <reporter-output>
  </reporter-output>
  <suite started-at="2023-06-20T19:30:19Z" name="Suite" finished-at="2023-06-20T19:34:12Z" duration-ms="232639">
    <groups>
    </groups>
    <test started-at="2023-06-20T19:30:19Z" name="Edge Test" finished-at="2023-06-20T19:33:46Z" duration-ms="206678">
      <class name="org.capstonetestcase.TestCaseFour">
        <test-method is-config="true" signature="initialSetup(java.lang.String)[pri:0, instance:org.capstonetestcase.TestCaseFour@662706a7]" started-at="2023-06-20T19:32:07Z" name="initialSetup" finished-at="2023-06-20T19:32:15Z" duration-ms="7575" status="PASS">
          <params>
            <param index="0">
              <value>
                <![CDATA[6666]]>
              </value>
            </param>
          </params>
          <reporter-output>
          </reporter-output>
        </test-method> <!-- initialSetup -->
        <test-method signature="tc4Scenarios()[pri:0, instance:org.capstonetestcase.TestCaseFour@662706a7]" started-at="2023-06-20T19:32:15Z" name="tc4Scenarios" finished-at="2023-06-20T19:32:37Z" duration-ms="21831" status="PASS">
          <reporter-output>
          </reporter-output>
        </test-method> <!-- tc4Scenarios -->
      </class> <!-- org.capstonetestcase.TestCaseFour -->
      <class name="org.capstonetestcase.TestCaseSix">
        <test-method is-config="true" signature="initialSetup(java.lang.String)[pri:0, instance:org.capstonetestcase.TestCaseSix@16b2bb0c]" started-at="2023-06-20T19:33:29Z" name="initialSetup" finished-at="2023-06-20T19:33:37Z" duration-ms="7761" status="PASS">
          <params>
            <param index="0">
              <value>
                <![CDATA[6666]]>
              </value>
            </param>
          </params>
          <reporter-output>
          </reporter-output>
        </test-method> <!-- initialSetup -->
        <test-method signature="tc6Scenarios()[pri:0, instance:org.capstonetestcase.TestCaseSix@16b2bb0c]" started-at="2023-06-20T19:33:37Z" name="tc6Scenarios" finished-at="2023-06-20T19:33:46Z" duration-ms="9250" status="PASS">
          <reporter-output>
          </reporter-output>
        </test-method> <!-- tc6Scenarios -->
      </class> <!-- org.capstonetestcase.TestCaseSix -->
      <class name="org.capstonetestcase.TestCaseOne">
        <test-method is-config="true" signature="initialSetup(java.lang.String)[pri:0, instance:org.capstonetestcase.TestCaseOne@2931522b]" started-at="2023-06-20T19:30:19Z" name="initialSetup" finished-at="2023-06-20T19:30:29Z" duration-ms="9670" status="PASS">
          <params>
            <param index="0">
              <value>
                <![CDATA[6666]]>
              </value>
            </param>
          </params>
          <reporter-output>
          </reporter-output>
        </test-method> <!-- initialSetup -->
        <test-method signature="tc1Scenarios()[pri:0, instance:org.capstonetestcase.TestCaseOne@2931522b]" started-at="2023-06-20T19:30:29Z" name="tc1Scenarios" finished-at="2023-06-20T19:31:04Z" duration-ms="34913" status="PASS">
          <reporter-output>
          </reporter-output>
        </test-method> <!-- tc1Scenarios -->
      </class> <!-- org.capstonetestcase.TestCaseOne -->
      <class name="org.capstonetestcase.TestCaseFive">
        <test-method is-config="true" signature="initialSetup(java.lang.String)[pri:0, instance:org.capstonetestcase.TestCaseFive@45a4b042]" started-at="2023-06-20T19:32:37Z" name="initialSetup" finished-at="2023-06-20T19:32:45Z" duration-ms="8031" status="PASS">
          <params>
            <param index="0">
              <value>
                <![CDATA[6666]]>
              </value>
            </param>
          </params>
          <reporter-output>
          </reporter-output>
        </test-method> <!-- initialSetup -->
        <test-method signature="tc5Scenarios()[pri:0, instance:org.capstonetestcase.TestCaseFive@45a4b042]" started-at="2023-06-20T19:32:45Z" name="tc5Scenarios" finished-at="2023-06-20T19:33:29Z" duration-ms="44103" status="PASS">
          <reporter-output>
          </reporter-output>
        </test-method> <!-- tc5Scenarios -->
      </class> <!-- org.capstonetestcase.TestCaseFive -->
      <class name="org.capstonetestcase.TestCaseTwo">
        <test-method is-config="true" signature="initialSetup(java.lang.String)[pri:0, instance:org.capstonetestcase.TestCaseTwo@7674b62c]" started-at="2023-06-20T19:31:04Z" name="initialSetup" finished-at="2023-06-20T19:31:11Z" duration-ms="7179" status="PASS">
          <params>
            <param index="0">
              <value>
                <![CDATA[6666]]>
              </value>
            </param>
          </params>
          <reporter-output>
          </reporter-output>
        </test-method> <!-- initialSetup -->
        <test-method is-config="true" signature="signUp()[pri:0, instance:org.capstonetestcase.TestCaseTwo@7674b62c]" started-at="2023-06-20T19:31:11Z" name="signUp" finished-at="2023-06-20T19:31:42Z" duration-ms="31013" status="PASS">
          <reporter-output>
          </reporter-output>
        </test-method> <!-- signUp -->
        <test-method signature="tc2Scenarios()[pri:0, instance:org.capstonetestcase.TestCaseTwo@7674b62c]" started-at="2023-06-20T19:31:42Z" name="tc2Scenarios" finished-at="2023-06-20T19:31:54Z" duration-ms="11755" status="PASS">
          <reporter-output>
          </reporter-output>
        </test-method> <!-- tc2Scenarios -->
      </class> <!-- org.capstonetestcase.TestCaseTwo -->
      <class name="org.capstonetestcase.TestCaseThree">
        <test-method is-config="true" signature="initialSetup(java.lang.String)[pri:0, instance:org.capstonetestcase.TestCaseThree@19e7a160]" started-at="2023-06-20T19:31:54Z" name="initialSetup" finished-at="2023-06-20T19:32:00Z" duration-ms="6595" status="PASS">
          <params>
            <param index="0">
              <value>
                <![CDATA[6666]]>
              </value>
            </param>
          </params>
          <reporter-output>
          </reporter-output>
        </test-method> <!-- initialSetup -->
        <test-method signature="t3Scenarios()[pri:0, instance:org.capstonetestcase.TestCaseThree@19e7a160]" started-at="2023-06-20T19:32:00Z" name="t3Scenarios" finished-at="2023-06-20T19:32:07Z" duration-ms="6957" status="PASS">
          <reporter-output>
          </reporter-output>
        </test-method> <!-- t3Scenarios -->
      </class> <!-- org.capstonetestcase.TestCaseThree -->
    </test> <!-- Edge Test -->
    <test started-at="2023-06-20T19:30:19Z" name="Chrome Test" finished-at="2023-06-20T19:34:12Z" duration-ms="232639">
      <class name="org.capstonetestcase.TestCaseSix">
        <test-method is-config="true" signature="initialSetup(java.lang.String)[pri:0, instance:org.capstonetestcase.TestCaseSix@57576994]" started-at="2023-06-20T19:33:56Z" name="initialSetup" finished-at="2023-06-20T19:34:02Z" duration-ms="6595" status="PASS">
          <params>
            <param index="0">
              <value>
                <![CDATA[5555]]>
              </value>
            </param>
          </params>
          <reporter-output>
          </reporter-output>
        </test-method> <!-- initialSetup -->
        <test-method signature="tc6Scenarios()[pri:0, instance:org.capstonetestcase.TestCaseSix@57576994]" started-at="2023-06-20T19:34:02Z" name="tc6Scenarios" finished-at="2023-06-20T19:34:12Z" duration-ms="9502" status="PASS">
          <reporter-output>
          </reporter-output>
        </test-method> <!-- tc6Scenarios -->
      </class> <!-- org.capstonetestcase.TestCaseSix -->
      <class name="org.capstonetestcase.TestCaseFour">
        <test-method is-config="true" signature="initialSetup(java.lang.String)[pri:0, instance:org.capstonetestcase.TestCaseFour@125290e5]" started-at="2023-06-20T19:32:24Z" name="initialSetup" finished-at="2023-06-20T19:32:31Z" duration-ms="7150" status="PASS">
          <params>
            <param index="0">
              <value>
                <![CDATA[5555]]>
              </value>
            </param>
          </params>
          <reporter-output>
          </reporter-output>
        </test-method> <!-- initialSetup -->
        <test-method signature="tc4Scenarios()[pri:0, instance:org.capstonetestcase.TestCaseFour@125290e5]" started-at="2023-06-20T19:32:31Z" name="tc4Scenarios" finished-at="2023-06-20T19:32:50Z" duration-ms="18759" status="PASS">
          <reporter-output>
          </reporter-output>
        </test-method> <!-- tc4Scenarios -->
      </class> <!-- org.capstonetestcase.TestCaseFour -->
      <class name="org.capstonetestcase.TestCaseOne">
        <test-method is-config="true" signature="initialSetup(java.lang.String)[pri:0, instance:org.capstonetestcase.TestCaseOne@5495333e]" started-at="2023-06-20T19:30:19Z" name="initialSetup" finished-at="2023-06-20T19:30:29Z" duration-ms="9427" status="PASS">
          <params>
            <param index="0">
              <value>
                <![CDATA[5555]]>
              </value>
            </param>
          </params>
          <reporter-output>
          </reporter-output>
        </test-method> <!-- initialSetup -->
        <test-method signature="tc1Scenarios()[pri:0, instance:org.capstonetestcase.TestCaseOne@5495333e]" started-at="2023-06-20T19:30:29Z" name="tc1Scenarios" finished-at="2023-06-20T19:31:05Z" duration-ms="36292" status="PASS">
          <reporter-output>
          </reporter-output>
        </test-method> <!-- tc1Scenarios -->
      </class> <!-- org.capstonetestcase.TestCaseOne -->
      <class name="org.capstonetestcase.TestCaseFive">
        <test-method is-config="true" signature="initialSetup(java.lang.String)[pri:0, instance:org.capstonetestcase.TestCaseFive@6fa34d52]" started-at="2023-06-20T19:32:50Z" name="initialSetup" finished-at="2023-06-20T19:32:57Z" duration-ms="6957" status="PASS">
          <params>
            <param index="0">
              <value>
                <![CDATA[5555]]>
              </value>
            </param>
          </params>
          <reporter-output>
          </reporter-output>
        </test-method> <!-- initialSetup -->
        <test-method signature="tc5Scenarios()[pri:0, instance:org.capstonetestcase.TestCaseFive@6fa34d52]" started-at="2023-06-20T19:32:57Z" name="tc5Scenarios" finished-at="2023-06-20T19:33:56Z" duration-ms="59166" status="PASS">
          <reporter-output>
          </reporter-output>
        </test-method> <!-- tc5Scenarios -->
      </class> <!-- org.capstonetestcase.TestCaseFive -->
      <class name="org.capstonetestcase.TestCaseTwo">
        <test-method is-config="true" signature="initialSetup(java.lang.String)[pri:0, instance:org.capstonetestcase.TestCaseTwo@2a225dd7]" started-at="2023-06-20T19:31:05Z" name="initialSetup" finished-at="2023-06-20T19:31:12Z" duration-ms="7069" status="PASS">
          <params>
            <param index="0">
              <value>
                <![CDATA[5555]]>
              </value>
            </param>
          </params>
          <reporter-output>
          </reporter-output>
        </test-method> <!-- initialSetup -->
        <test-method is-config="true" signature="signUp()[pri:0, instance:org.capstonetestcase.TestCaseTwo@2a225dd7]" started-at="2023-06-20T19:31:12Z" name="signUp" finished-at="2023-06-20T19:31:47Z" duration-ms="34549" status="PASS">
          <reporter-output>
          </reporter-output>
        </test-method> <!-- signUp -->
        <test-method signature="tc2Scenarios()[pri:0, instance:org.capstonetestcase.TestCaseTwo@2a225dd7]" started-at="2023-06-20T19:31:47Z" name="tc2Scenarios" finished-at="2023-06-20T19:32:09Z" duration-ms="22734" status="PASS">
          <reporter-output>
          </reporter-output>
        </test-method> <!-- tc2Scenarios -->
      </class> <!-- org.capstonetestcase.TestCaseTwo -->
      <class name="org.capstonetestcase.TestCaseThree">
        <test-method is-config="true" signature="initialSetup(java.lang.String)[pri:0, instance:org.capstonetestcase.TestCaseThree@61eaec38]" started-at="2023-06-20T19:32:09Z" name="initialSetup" finished-at="2023-06-20T19:32:16Z" duration-ms="6114" status="PASS">
          <params>
            <param index="0">
              <value>
                <![CDATA[5555]]>
              </value>
            </param>
          </params>
          <reporter-output>
          </reporter-output>
        </test-method> <!-- initialSetup -->
        <test-method signature="t3Scenarios()[pri:0, instance:org.capstonetestcase.TestCaseThree@61eaec38]" started-at="2023-06-20T19:32:16Z" name="t3Scenarios" finished-at="2023-06-20T19:32:24Z" duration-ms="8278" status="PASS">
          <reporter-output>
          </reporter-output>
        </test-method> <!-- t3Scenarios -->
      </class> <!-- org.capstonetestcase.TestCaseThree -->
    </test> <!-- Chrome Test -->
  </suite> <!-- Suite -->
</testng-results>
